-- Install configuration: ""
-- Execute custom install script
-- Symlinking: /home/lucas/rb_diff_ws/install/rb_diff/share/rb_diff/config/ball_tracker_params_robot.yaml
-- Symlinking: /home/lucas/rb_diff_ws/install/rb_diff/share/rb_diff/config/ball_tracker_params_sim.yaml
-- Symlinking: /home/lucas/rb_diff_ws/install/rb_diff/share/rb_diff/config/drive_bot.rviz
-- Up-to-date symlink: /home/lucas/rb_diff_ws/install/rb_diff/share/rb_diff/config/empty.yaml
-- Symlinking: /home/lucas/rb_diff_ws/install/rb_diff/share/rb_diff/config/gaz_ros2_ctl_use_sim.yaml
-- Symlinking: /home/lucas/rb_diff_ws/install/rb_diff/share/rb_diff/config/gazebo_params.yaml
-- Symlinking: /home/lucas/rb_diff_ws/install/rb_diff/share/rb_diff/config/joystick.yaml
-- Symlinking: /home/lucas/rb_diff_ws/install/rb_diff/share/rb_diff/config/main.rviz
-- Symlinking: /home/lucas/rb_diff_ws/install/rb_diff/share/rb_diff/config/map.rviz
-- Symlinking: /home/lucas/rb_diff_ws/install/rb_diff/share/rb_diff/config/mapper_params_online_async.yaml
-- Symlinking: /home/lucas/rb_diff_ws/install/rb_diff/share/rb_diff/config/my_controllers.yaml
-- Symlinking: /home/lucas/rb_diff_ws/install/rb_diff/share/rb_diff/config/nav2_params.yaml
-- Symlinking: /home/lucas/rb_diff_ws/install/rb_diff/share/rb_diff/config/twist_mux.yaml
-- Symlinking: /home/lucas/rb_diff_ws/install/rb_diff/share/rb_diff/config/view_bot.rviz
-- Symlinking: /home/lucas/rb_diff_ws/install/rb_diff/share/rb_diff/description/camera.xacro
-- Symlinking: /home/lucas/rb_diff_ws/install/rb_diff/share/rb_diff/description/depth_camera.xacro
-- Symlinking: /home/lucas/rb_diff_ws/install/rb_diff/share/rb_diff/description/face.xacro
-- Symlinking: /home/lucas/rb_diff_ws/install/rb_diff/share/rb_diff/description/gazebo_control.xacro
-- Symlinking: /home/lucas/rb_diff_ws/install/rb_diff/share/rb_diff/description/inertial_macros.xacro
-- Symlinking: /home/lucas/rb_diff_ws/install/rb_diff/share/rb_diff/description/lidar.xacro
-- Up-to-date symlink: /home/lucas/rb_diff_ws/install/rb_diff/share/rb_diff/description/robot.urdf.xacro
-- Symlinking: /home/lucas/rb_diff_ws/install/rb_diff/share/rb_diff/description/robot_core.xacro
-- Symlinking: /home/lucas/rb_diff_ws/install/rb_diff/share/rb_diff/description/ros2_control.xacro
-- Symlinking: /home/lucas/rb_diff_ws/install/rb_diff/share/rb_diff/launch/ball_tracker.launch.py
-- Symlinking: /home/lucas/rb_diff_ws/install/rb_diff/share/rb_diff/launch/camera.launch.py
-- Symlinking: /home/lucas/rb_diff_ws/install/rb_diff/share/rb_diff/launch/joystick.launch.py
-- Symlinking: /home/lucas/rb_diff_ws/install/rb_diff/share/rb_diff/launch/launch_robot.launch.py
-- Symlinking: /home/lucas/rb_diff_ws/install/rb_diff/share/rb_diff/launch/launch_sim.launch.py
-- Symlinking: /home/lucas/rb_diff_ws/install/rb_diff/share/rb_diff/launch/localization_launch.py
-- Symlinking: /home/lucas/rb_diff_ws/install/rb_diff/share/rb_diff/launch/navigation_launch.py
-- Symlinking: /home/lucas/rb_diff_ws/install/rb_diff/share/rb_diff/launch/online_async_launch.py
-- Symlinking: /home/lucas/rb_diff_ws/install/rb_diff/share/rb_diff/launch/rplidar.launch.py
-- Up-to-date symlink: /home/lucas/rb_diff_ws/install/rb_diff/share/rb_diff/launch/rsp.launch.py
-- Up-to-date symlink: /home/lucas/rb_diff_ws/install/rb_diff/share/rb_diff/worlds/empty.world
-- Symlinking: /home/lucas/rb_diff_ws/install/rb_diff/share/rb_diff/worlds/obstacles.world
-- Up-to-date symlink: /home/lucas/rb_diff_ws/install/rb_diff/share/ament_index/resource_index/package_run_dependencies/rb_diff
-- Up-to-date symlink: /home/lucas/rb_diff_ws/install/rb_diff/share/ament_index/resource_index/parent_prefix_path/rb_diff
-- Up-to-date symlink: /home/lucas/rb_diff_ws/install/rb_diff/share/rb_diff/environment/ament_prefix_path.sh
-- Up-to-date symlink: /home/lucas/rb_diff_ws/install/rb_diff/share/rb_diff/environment/ament_prefix_path.dsv
-- Up-to-date symlink: /home/lucas/rb_diff_ws/install/rb_diff/share/rb_diff/environment/path.sh
-- Up-to-date symlink: /home/lucas/rb_diff_ws/install/rb_diff/share/rb_diff/environment/path.dsv
-- Up-to-date symlink: /home/lucas/rb_diff_ws/install/rb_diff/share/rb_diff/local_setup.bash
-- Up-to-date symlink: /home/lucas/rb_diff_ws/install/rb_diff/share/rb_diff/local_setup.sh
-- Up-to-date symlink: /home/lucas/rb_diff_ws/install/rb_diff/share/rb_diff/local_setup.zsh
-- Up-to-date symlink: /home/lucas/rb_diff_ws/install/rb_diff/share/rb_diff/local_setup.dsv
-- Symlinking: /home/lucas/rb_diff_ws/install/rb_diff/share/rb_diff/package.dsv
-- Up-to-date symlink: /home/lucas/rb_diff_ws/install/rb_diff/share/ament_index/resource_index/packages/rb_diff
-- Up-to-date symlink: /home/lucas/rb_diff_ws/install/rb_diff/share/rb_diff/cmake/rb_diffConfig.cmake
-- Up-to-date symlink: /home/lucas/rb_diff_ws/install/rb_diff/share/rb_diff/cmake/rb_diffConfig-version.cmake
-- Up-to-date symlink: /home/lucas/rb_diff_ws/install/rb_diff/share/rb_diff/package.xml
