[0.007s] Invoking command in '/home/lucas/rb_diff_ws/build/rb_diff': CMAKE_PREFIX_PATH=/opt/ros/humble /usr/bin/cmake /home/lucas/rb_diff_ws/src/rb_diff -DAMENT_CMAKE_SYMLINK_INSTALL=1 -DCMAKE_INSTALL_PREFIX=/home/lucas/rb_diff_ws/install/rb_diff
[0.045s] -- The C compiler identification is GNU 11.4.0
[0.086s] -- The CXX compiler identification is GNU 11.4.0
[0.091s] -- Detecting C compiler ABI info
[0.140s] -- Detecting C compiler ABI info - done
[0.146s] -- Check for working C compiler: /usr/bin/cc - skipped
[0.146s] -- Detecting C compile features
[0.146s] -- Detecting C compile features - done
[0.149s] -- Detecting CXX compiler ABI info
[0.204s] -- Detecting CXX compiler ABI info - done
[0.210s] -- Check for working CXX compiler: /usr/bin/c++ - skipped
[0.211s] -- Detecting CXX compile features
[0.211s] -- Detecting CXX compile features - done
[0.212s] -- Found ament_cmake: 1.3.10 (/opt/ros/humble/share/ament_cmake/cmake)
[0.345s] -- Found Python3: /usr/bin/python3 (found version "3.10.12") found components: Interpreter 
[0.410s] -- Override CMake install command with custom implementation using symlinks instead of copying resources
[0.432s] -- Found ament_lint_auto: 0.12.11 (/opt/ros/humble/share/ament_lint_auto/cmake)
[0.519s] -- Added test 'copyright' to check source files copyright and LICENSE
[0.524s] -- Added test 'flake8' to check Python code syntax and style conventions
[0.524s] -- Added test 'lint_cmake' to check CMake code style
[0.525s] -- Added test 'pep257' to check Python code against some of the docstring style conventions in PEP 257
[0.527s] -- Added test 'xmllint' to check XML markup files
[0.528s] -- Configuring done
[0.530s] -- Generating done
[0.531s] -- Build files have been written to: /home/lucas/rb_diff_ws/build/rb_diff
[0.535s] Invoked command in '/home/lucas/rb_diff_ws/build/rb_diff' returned '0': CMAKE_PREFIX_PATH=/opt/ros/humble /usr/bin/cmake /home/lucas/rb_diff_ws/src/rb_diff -DAMENT_CMAKE_SYMLINK_INSTALL=1 -DCMAKE_INSTALL_PREFIX=/home/lucas/rb_diff_ws/install/rb_diff
[0.536s] Invoking command in '/home/lucas/rb_diff_ws/build/rb_diff': CMAKE_PREFIX_PATH=/opt/ros/humble /usr/bin/cmake --build /home/lucas/rb_diff_ws/build/rb_diff -- -j8 -l8
[0.563s] Invoked command in '/home/lucas/rb_diff_ws/build/rb_diff' returned '0': CMAKE_PREFIX_PATH=/opt/ros/humble /usr/bin/cmake --build /home/lucas/rb_diff_ws/build/rb_diff -- -j8 -l8
[0.584s] Invoking command in '/home/lucas/rb_diff_ws/build/rb_diff': CMAKE_PREFIX_PATH=/opt/ros/humble /usr/bin/cmake --install /home/lucas/rb_diff_ws/build/rb_diff
[0.589s] -- Install configuration: ""
[0.589s] -- Execute custom install script
[0.590s] -- Symlinking: /home/lucas/rb_diff_ws/install/rb_diff/share/rb_diff/config/empty.yaml
[0.596s] -- Symlinking: /home/lucas/rb_diff_ws/install/rb_diff/share/rb_diff/description/robot.urdf.xacro
[0.603s] -- Symlinking: /home/lucas/rb_diff_ws/install/rb_diff/share/rb_diff/launch/rsp.launch.py
[0.609s] -- Symlinking: /home/lucas/rb_diff_ws/install/rb_diff/share/rb_diff/worlds/empty.world
[0.615s] -- Symlinking: /home/lucas/rb_diff_ws/install/rb_diff/share/ament_index/resource_index/package_run_dependencies/rb_diff
[0.621s] -- Symlinking: /home/lucas/rb_diff_ws/install/rb_diff/share/ament_index/resource_index/parent_prefix_path/rb_diff
[0.628s] -- Symlinking: /home/lucas/rb_diff_ws/install/rb_diff/share/rb_diff/environment/ament_prefix_path.sh
[0.634s] -- Symlinking: /home/lucas/rb_diff_ws/install/rb_diff/share/rb_diff/environment/ament_prefix_path.dsv
[0.640s] -- Symlinking: /home/lucas/rb_diff_ws/install/rb_diff/share/rb_diff/environment/path.sh
[0.647s] -- Symlinking: /home/lucas/rb_diff_ws/install/rb_diff/share/rb_diff/environment/path.dsv
[0.653s] -- Symlinking: /home/lucas/rb_diff_ws/install/rb_diff/share/rb_diff/local_setup.bash
[0.659s] -- Symlinking: /home/lucas/rb_diff_ws/install/rb_diff/share/rb_diff/local_setup.sh
[0.666s] -- Symlinking: /home/lucas/rb_diff_ws/install/rb_diff/share/rb_diff/local_setup.zsh
[0.672s] -- Symlinking: /home/lucas/rb_diff_ws/install/rb_diff/share/rb_diff/local_setup.dsv
[0.679s] -- Symlinking: /home/lucas/rb_diff_ws/install/rb_diff/share/rb_diff/package.dsv
[0.685s] -- Symlinking: /home/lucas/rb_diff_ws/install/rb_diff/share/ament_index/resource_index/packages/rb_diff
[0.691s] -- Symlinking: /home/lucas/rb_diff_ws/install/rb_diff/share/rb_diff/cmake/rb_diffConfig.cmake
[0.697s] -- Symlinking: /home/lucas/rb_diff_ws/install/rb_diff/share/rb_diff/cmake/rb_diffConfig-version.cmake
[0.704s] -- Symlinking: /home/lucas/rb_diff_ws/install/rb_diff/share/rb_diff/package.xml
[0.712s] Invoked command in '/home/lucas/rb_diff_ws/build/rb_diff' returned '0': CMAKE_PREFIX_PATH=/opt/ros/humble /usr/bin/cmake --install /home/lucas/rb_diff_ws/build/rb_diff
